<?xml version="1.0" encoding="UTF-8"?>
<!-- Generated by org.testng.reporters.JUnitXMLReporter -->
<testsuite ignored="0" hostname="Hestabits-MacBook-Pro.local" failures="0" tests="2" name="SafariTest" time="2.664" errors="0" timestamp="2024-04-24T19:24:07 IST">
  <testcase classname="JaigerMeisterSuperAdminLogin.Tc_002JaigerMeisterSuperadminStats" name="Statsoption" time="0.0">
    <skipped/>
  </testcase> <!-- Statsoption -->
  <testcase classname="JaigerMeisterSuperAdminLogin.TC_001Superadmin" name="verify_superadminlogin" time="0.0">
    <skipped/>
  </testcase> <!-- verify_superadminlogin -->
</testsuite> <!-- SafariTest -->
